
PS C:\Users\noct> date -Format "yyyy/MM/dd HH:mm:ss (UTC K)"
2022/08/12 20:07:27 (UTC +09:00)

PS C:\Users\noct> $PSVersionTable

Name                           Value
----                           -----
PSVersion                      7.2.5
PSEdition                      Core
GitCommitId                    7.2.5
OS                             Microsoft Windows 10.0.22000
Platform                       Win32NT
PSCompatibleVersions           {1.0, 2.0, 3.0, 4.0…}
PSRemotingProtocolVersion      2.3
SerializationVersion           1.1.0.1
WSManStackVersion              3.0

PS C:\Users\noct> winget list | grep -ignore-case docker
Docker Desktop                           Docker.DockerDesktop                      4.10.1              4.11.1   winget

PS C:\Users\noct> Get-Command docker

CommandType     Name                                               Version    Source
-----------     ----                                               -------    ------
Application     docker.exe                                         0.0.0.0    C:\Program Files\Docker\Docker\resources\bin\docker.exe


PS C:\Users\noct> docker run --detach --interactive --tty `
--volume C:\Users\noct\Desktop\altwiz.work:/root/altwiz.work `
--workdir /root/altwiz.work --name altwiz node:alpine

PS C:\Users\noct> docker ps --all
CONTAINER ID   IMAGE         COMMAND                  CREATED         STATUS         PORTS     NAMES
5245fe6b5542   node:alpine   "docker-entrypoint.s…"   2 minutes ago   Up 2 minutes             altwiz

PS C:\Users\noct> docker exec --interactive --tty altwiz /bin/ash

~/altwiz.work # ls -1
altwiz.github.io

